#
# A fatal error has been detected by the Java Runtime Environment:
#
#  EXCEPTION_ACCESS_VIOLATION (0xc0000005) at pc=0x00000000679f4db2, pid=3012, tid=2868
#
# JRE version: Java(TM) SE Runtime Environment (8.0_11-b12) (build 1.8.0_11-b12)
# Java VM: Java HotSpot(TM) 64-Bit Server VM (25.11-b03 mixed mode windows-amd64 compressed oops)
# Problematic frame:
# V  [jvm.dll+0x424db2]
#
# Failed to write core dump. Minidumps are not enabled by default on client versions of Windows
#
# If you would like to submit a bug report, please visit:
#   http://bugreport.sun.com/bugreport/crash.jsp
#

---------------  T H R E A D  ---------------

Current thread (0x00000000541a7000):  JavaThread "C2 CompilerThread0" daemon [_thread_in_native, id=2868, stack(0x00000000559a0000,0x0000000055aa0000)]

siginfo: ExceptionCode=0xc0000005, reading address 0x0000000000000000

Registers:
RAX=0x000000005908ac98, RBX=0x0000000000000600, RCX=0x0000000000000000, RDX=0x0000000056e1efd0
RSP=0x0000000055a9c3f0, RBP=0x00000000000000c0, RSI=0x00000000000000b8, RDI=0x0000000000000000
R8 =0x00000000675d0000, R9 =0x0000000055a9c710, R10=0x00000000ffffffff, R11=0x000000005553d8d0
R12=0x000000005908b3a0, R13=0x000000005582d710, R14=0x0000000000000008, R15=0x000000005582d710
RIP=0x00000000679f4db2, EFLAGS=0x0000000000010206

Top of Stack: (sp=0x0000000055a9c3f0)
0x0000000055a9c3f0:   00000000000000da 0000000056e1ac70
0x0000000055a9c400:   0000000000000060 0000000000000400
0x0000000055a9c410:   0000000000000001 0000000000000600
0x0000000055a9c420:   0000000000000180 00000000000000c0
0x0000000055a9c430:   00000000587772e0 00000000541aa450
0x0000000055a9c440:   0000000000000670 0000000056e1ac70
0x0000000055a9c450:   0000000055a9c710 0000000059088770
0x0000000055a9c460:   0000000000000020 0000000000000008
0x0000000055a9c470:   000000005908b370 00000000000000da
0x0000000055a9c480:   000000005582d710 00000000679f598d
0x0000000055a9c490:   000000005908b370 000000000000001c
0x0000000055a9c4a0:   00000000000000da 0000000055a9c710
0x0000000055a9c4b0:   0000000056e1efd0 00000000000000da
0x0000000055a9c4c0:   0000000059088770 0000000000000020
0x0000000055a9c4d0:   000000005b71e4d0 0000000055a9ea80
0x0000000055a9c4e0:   000000005b71e380 000000005908b370 

Instructions: (pc=0x00000000679f4db2)
0x00000000679f4d92:   c6 48 63 f0 48 03 f1 eb 04 48 83 ce ff 48 8b 84
0x00000000679f4da2:   24 a0 00 00 00 48 8b 40 08 48 8b 3c 03 48 8b cf
0x00000000679f4db2:   48 8b 07 ff 50 28 4c 8d 05 41 b2 bd ff 48 63 50
0x00000000679f4dc2:   10 4c 8b d8 48 8b ca 48 c1 e1 05 42 80 bc 01 c0 


Register to memory mapping:

RAX=0x000000005908ac98 is an unknown value
RBX=0x0000000000000600 is an unknown value
RCX=0x0000000000000000 is an unknown value
RDX=0x0000000056e1efd0 is an unknown value
RSP=0x0000000055a9c3f0 is pointing into the stack for thread: 0x00000000541a7000
RBP=0x00000000000000c0 is an unknown value
RSI=0x00000000000000b8 is an unknown value
RDI=0x0000000000000000 is an unknown value
R8 =0x00000000675d0000 is an unknown value
R9 =0x0000000055a9c710 is pointing into the stack for thread: 0x00000000541a7000
R10=0x00000000ffffffff is an unknown value
R11=0x000000005553d8d0 is an unknown value
R12=0x000000005908b3a0 is an unknown value
R13=0x000000005582d710 is an unknown value
R14=0x0000000000000008 is an unknown value
R15=0x000000005582d710 is an unknown value


Stack: [0x00000000559a0000,0x0000000055aa0000],  sp=0x0000000055a9c3f0,  free space=1008k
Native frames: (J=compiled Java code, j=interpreted, Vv=VM code, C=native code)
V  [jvm.dll+0x424db2]
V  [jvm.dll+0x42598d]
V  [jvm.dll+0x425ecf]
V  [jvm.dll+0x4c5a84]
V  [jvm.dll+0x4415bc]
V  [jvm.dll+0x443a29]
V  [jvm.dll+0x427722]
V  [jvm.dll+0x96982]
V  [jvm.dll+0x97173]
V  [jvm.dll+0x2234b4]
V  [jvm.dll+0x27bcca]
C  [msvcr100.dll+0x21d9f]
C  [msvcr100.dll+0x21e3b]
C  [kernel32.dll+0x159ed]
C  [ntdll.dll+0x2c541]


Current CompileTask:
C2:  45644 5705       4       groovy.lang.MetaClassImpl::findPropertyMethod (356 bytes)


---------------  P R O C E S S  ---------------

Java Threads: ( => current thread )
  0x000000005897e800 JavaThread "net.sf.ehcache.CacheManager@495bff8" daemon [_thread_blocked, id=3032, stack(0x000000005bdc0000,0x000000005bec0000)]
  0x000000005897d000 JavaThread "Abandoned connection cleanup thread" daemon [_thread_blocked, id=2936, stack(0x000000005c090000,0x000000005c190000)]
  0x000000005897c800 JavaThread "PoolCleaner[147022238:1409940670748]" daemon [_thread_blocked, id=2144, stack(0x000000005bf60000,0x000000005c060000)]
  0x00000000585a6800 JavaThread "FileSystemWatcher: files=#108 cl=groovy.lang.GroovyClassLoader@8c3619e" daemon [_thread_blocked, id=3260, stack(0x0000000059ac0000,0x0000000059bc0000)]
  0x0000000056e90800 JavaThread "localhost-startStop-1" daemon [_thread_in_native, id=2620, stack(0x0000000054e50000,0x0000000054f50000)]
  0x000000005877f800 JavaThread "Tomcat-startStop-1" daemon [_thread_blocked, id=2356, stack(0x0000000058080000,0x0000000058180000)]
  0x0000000057532000 JavaThread "Thread-3" [_thread_in_native, id=2228, stack(0x00000000596c0000,0x00000000597c0000)]
  0x00000000561c2000 JavaThread "Thread-2" [_thread_blocked, id=1936, stack(0x00000000581d0000,0x00000000582d0000)]
  0x00000000561e4000 JavaThread "NonBlockingInputStreamThread" daemon [_thread_blocked, id=2016, stack(0x0000000055ab0000,0x0000000055bb0000)]
  0x0000000055644800 JavaThread "Service Thread" daemon [_thread_blocked, id=2648, stack(0x0000000055bf0000,0x0000000055cf0000)]
  0x00000000541ae000 JavaThread "C1 CompilerThread1" daemon [_thread_blocked, id=3848, stack(0x00000000550c0000,0x00000000551c0000)]
=>0x00000000541a7000 JavaThread "C2 CompilerThread0" daemon [_thread_in_native, id=2868, stack(0x00000000559a0000,0x0000000055aa0000)]
  0x0000000054149000 JavaThread "Attach Listener" daemon [_thread_blocked, id=3716, stack(0x00000000553a0000,0x00000000554a0000)]
  0x0000000054147800 JavaThread "Signal Dispatcher" daemon [_thread_blocked, id=3376, stack(0x00000000551f0000,0x00000000552f0000)]
  0x00000000540e7800 JavaThread "Finalizer" daemon [_thread_blocked, id=3352, stack(0x0000000054fa0000,0x00000000550a0000)]
  0x00000000540e0000 JavaThread "Reference Handler" daemon [_thread_blocked, id=3608, stack(0x0000000054d50000,0x0000000054e50000)]
  0x0000000001e30000 JavaThread "main" [_thread_blocked, id=2484, stack(0x0000000001f40000,0x0000000002040000)]

Other Threads:
  0x00000000540db800 VMThread [stack: 0x0000000054c40000,0x0000000054d40000] [id=3408]
  0x0000000055646000 WatcherThread [stack: 0x0000000055de0000,0x0000000055ee0000] [id=2608]

VM state:not at safepoint (normal execution)

VM Mutex/Monitor currently owned by a thread: None

Heap:
 PSYoungGen      total 222720K, used 88953K [0x00000000f0000000, 0x0000000100000000, 0x0000000100000000)
  eden space 205824K, 37% used [0x00000000f0000000,0x00000000f4aed938,0x00000000fc900000)
  from space 16896K, 72% used [0x00000000fef80000,0x00000000ffb70ae8,0x0000000100000000)
  to   space 28160K, 0% used [0x00000000fc900000,0x00000000fc900000,0x00000000fe480000)
 ParOldGen       total 110592K, used 89436K [0x00000000d0000000, 0x00000000d6c00000, 0x00000000f0000000)
  object space 110592K, 80% used [0x00000000d0000000,0x00000000d57571b8,0x00000000d6c00000)
 Metaspace       used 60416K, capacity 62198K, committed 62308K, reserved 1103872K
  class space    used 6990K, capacity 7518K, committed 7552K, reserved 1048576K

Card table byte_map: [0x0000000011870000,0x0000000011a00000] byte_map_base: 0x00000000111f0000

Marking Bits: (ParMarkBitMap*) 0x0000000067d812b0
 Begin Bits: [0x0000000011fb0000, 0x0000000012bb0000)
 End Bits:   [0x0000000012bb0000, 0x00000000137b0000)

Polling page: 0x0000000000430000

CodeCache: size=245760Kb used=20015Kb max_used=21030Kb free=225744Kb
 bounds [0x00000000024b0000, 0x0000000003950000, 0x00000000114b0000]
 total_blobs=6144 nmethods=5382 adapters=673
 compilation: enabled

Compilation events (10 events):
Event: 45.324 Thread 0x00000000541ae000 5992       2       groovyjarjarasm.asm.ClassWriter::b (70 bytes)
Event: 45.325 Thread 0x00000000541ae000 nmethod 5992 0x0000000002cd7e10 code [0x0000000002cd7fc0, 0x0000000002cd82b8]
Event: 45.325 Thread 0x00000000541ae000 5988       2       org.codehaus.groovy.ast.ClassNode::getOuterClass (2 bytes)
Event: 45.325 Thread 0x00000000541ae000 nmethod 5988 0x0000000002ccfd90 code [0x0000000002ccfee0, 0x0000000002cd0030]
Event: 45.325 Thread 0x00000000541ae000 5994       2       org.codehaus.groovy.classgen.asm.BytecodeHelper::load (104 bytes)
Event: 45.325 Thread 0x00000000541ae000 nmethod 5994 0x0000000002ccf7d0 code [0x0000000002ccf980, 0x0000000002ccfc68]
Event: 45.325 Thread 0x00000000541ae000 5990       2       org.codehaus.groovy.ast.expr.PropertyExpression::<init> (40 bytes)
Event: 45.326 Thread 0x00000000541ae000 nmethod 5990 0x0000000002ccf350 code [0x0000000002ccf4c0, 0x0000000002ccf6e8]
Event: 45.339 Thread 0x00000000541ae000 5996       2       org.codehaus.groovy.runtime.callsite.AbstractCallSite::acceptGroovyObjectGetProperty (6 bytes)
Event: 45.340 Thread 0x00000000541ae000 nmethod 5996 0x0000000002ccefd0 code [0x0000000002ccf140, 0x0000000002ccf2a8]

GC Heap History (10 events):
Event: 34.189 GC heap before
{Heap before GC invocations=47 (full 5):
 PSYoungGen      total 237568K, used 228733K [0x00000000f0000000, 0x0000000100000000, 0x0000000100000000)
  eden space 227840K, 96% used [0x00000000f0000000,0x00000000fd5e3690,0x00000000fde80000)
  from space 9728K, 99% used [0x00000000fde80000,0x00000000fe7fc0f0,0x00000000fe800000)
  to   space 12288K, 0% used [0x00000000ff400000,0x00000000ff400000,0x0000000100000000)
 ParOldGen       total 72192K, used 62195K [0x00000000d0000000, 0x00000000d4680000, 0x00000000f0000000)
  object space 72192K, 86% used [0x00000000d0000000,0x00000000d3cbcea0,0x00000000d4680000)
 Metaspace       used 53732K, capacity 55350K, committed 55780K, reserved 1097728K
  class space    used 6052K, capacity 6551K, committed 6656K, reserved 1048576K
Event: 34.260 GC heap after
Heap after GC invocations=47 (full 5):
 PSYoungGen      total 240640K, used 12260K [0x00000000f0000000, 0x0000000100000000, 0x0000000100000000)
  eden space 228352K, 0% used [0x00000000f0000000,0x00000000f0000000,0x00000000fdf00000)
  from space 12288K, 99% used [0x00000000ff400000,0x00000000ffff9020,0x0000000100000000)
  to   space 16896K, 0% used [0x00000000fdf00000,0x00000000fdf00000,0x00000000fef80000)
 ParOldGen       total 72192K, used 69613K [0x00000000d0000000, 0x00000000d4680000, 0x00000000f0000000)
  object space 72192K, 96% used [0x00000000d0000000,0x00000000d43fb4c0,0x00000000d4680000)
 Metaspace       used 53732K, capacity 55350K, committed 55780K, reserved 1097728K
  class space    used 6052K, capacity 6551K, committed 6656K, reserved 1048576K
}
Event: 34.260 GC heap before
{Heap before GC invocations=48 (full 6):
 PSYoungGen      total 240640K, used 12260K [0x00000000f0000000, 0x0000000100000000, 0x0000000100000000)
  eden space 228352K, 0% used [0x00000000f0000000,0x00000000f0000000,0x00000000fdf00000)
  from space 12288K, 99% used [0x00000000ff400000,0x00000000ffff9020,0x0000000100000000)
  to   space 16896K, 0% used [0x00000000fdf00000,0x00000000fdf00000,0x00000000fef80000)
 ParOldGen       total 72192K, used 69613K [0x00000000d0000000, 0x00000000d4680000, 0x00000000f0000000)
  object space 72192K, 96% used [0x00000000d0000000,0x00000000d43fb4c0,0x00000000d4680000)
 Metaspace       used 53732K, capacity 55350K, committed 55780K, reserved 1097728K
  class space    used 6052K, capacity 6551K, committed 6656K, reserved 1048576K
Event: 35.956 GC heap after
Heap after GC invocations=48 (full 6):
 PSYoungGen      total 240640K, used 6604K [0x00000000f0000000, 0x0000000100000000, 0x0000000100000000)
  eden space 228352K, 0% used [0x00000000f0000000,0x00000000f0000000,0x00000000fdf00000)
  from space 12288K, 53% used [0x00000000ff400000,0x00000000ffa73170,0x0000000100000000)
  to   space 16896K, 0% used [0x00000000fdf00000,0x00000000fdf00000,0x00000000fef80000)
 ParOldGen       total 88064K, used 71771K [0x00000000d0000000, 0x00000000d5600000, 0x00000000f0000000)
  object space 88064K, 81% used [0x00000000d0000000,0x00000000d4616ed0,0x00000000d5600000)
 Metaspace       used 53732K, capacity 55350K, committed 55780K, reserved 1097728K
  class space    used 6052K, capacity 6551K, committed 6656K, reserved 1048576K
}
Event: 39.429 GC heap before
{Heap before GC invocations=49 (full 6):
 PSYoungGen      total 240640K, used 234956K [0x00000000f0000000, 0x0000000100000000, 0x0000000100000000)
  eden space 228352K, 100% used [0x00000000f0000000,0x00000000fdf00000,0x00000000fdf00000)
  from space 12288K, 53% used [0x00000000ff400000,0x00000000ffa73170,0x0000000100000000)
  to   space 16896K, 0% used [0x00000000fdf00000,0x00000000fdf00000,0x00000000fef80000)
 ParOldGen       total 88064K, used 71771K [0x00000000d0000000, 0x00000000d5600000, 0x00000000f0000000)
  object space 88064K, 81% used [0x00000000d0000000,0x00000000d4616ed0,0x00000000d5600000)
 Metaspace       used 56533K, capacity 58134K, committed 58340K, reserved 1101824K
  class space    used 6382K, capacity 6879K, committed 6912K, reserved 1048576K
Event: 39.641 GC heap after
Heap after GC invocations=49 (full 6):
 PSYoungGen      total 245248K, used 16866K [0x00000000f0000000, 0x0000000100000000, 0x0000000100000000)
  eden space 228352K, 0% used [0x00000000f0000000,0x00000000f0000000,0x00000000fdf00000)
  from space 16896K, 99% used [0x00000000fdf00000,0x00000000fef78860,0x00000000fef80000)
  to   space 16896K, 0% used [0x00000000fef80000,0x00000000fef80000,0x0000000100000000)
 ParOldGen       total 88064K, used 76925K [0x00000000d0000000, 0x00000000d5600000, 0x00000000f0000000)
  object space 88064K, 87% used [0x00000000d0000000,0x00000000d4b1f540,0x00000000d5600000)
 Metaspace       used 56533K, capacity 58134K, committed 58340K, reserved 1101824K
  class space    used 6382K, capacity 6879K, committed 6912K, reserved 1048576K
}
Event: 42.565 GC heap before
{Heap before GC invocations=50 (full 6):
 PSYoungGen      total 245248K, used 245218K [0x00000000f0000000, 0x0000000100000000, 0x0000000100000000)
  eden space 228352K, 100% used [0x00000000f0000000,0x00000000fdf00000,0x00000000fdf00000)
  from space 16896K, 99% used [0x00000000fdf00000,0x00000000fef78860,0x00000000fef80000)
  to   space 16896K, 0% used [0x00000000fef80000,0x00000000fef80000,0x0000000100000000)
 ParOldGen       total 88064K, used 76925K [0x00000000d0000000, 0x00000000d5600000, 0x00000000f0000000)
  object space 88064K, 87% used [0x00000000d0000000,0x00000000d4b1f540,0x00000000d5600000)
 Metaspace       used 59886K, capacity 61562K, committed 61796K, reserved 1103872K
  class space    used 6915K, capacity 7431K, committed 7552K, reserved 1048576K
Event: 42.768 GC heap after
Heap after GC invocations=50 (full 6):
 PSYoungGen      total 222720K, used 16880K [0x00000000f0000000, 0x0000000100000000, 0x0000000100000000)
  eden space 205824K, 0% used [0x00000000f0000000,0x00000000f0000000,0x00000000fc900000)
  from space 16896K, 99% used [0x00000000fef80000,0x00000000ffffc2d0,0x0000000100000000)
  to   space 28160K, 0% used [0x00000000fc900000,0x00000000fc900000,0x00000000fe480000)
 ParOldGen       total 89600K, used 89435K [0x00000000d0000000, 0x00000000d5780000, 0x00000000f0000000)
  object space 89600K, 99% used [0x00000000d0000000,0x00000000d5756fc8,0x00000000d5780000)
 Metaspace       used 59886K, capacity 61562K, committed 61796K, reserved 1103872K
  class space    used 6915K, capacity 7431K, committed 7552K, reserved 1048576K
}
Event: 42.768 GC heap before
{Heap before GC invocations=51 (full 7):
 PSYoungGen      total 222720K, used 16880K [0x00000000f0000000, 0x0000000100000000, 0x0000000100000000)
  eden space 205824K, 0% used [0x00000000f0000000,0x00000000f0000000,0x00000000fc900000)
  from space 16896K, 99% used [0x00000000fef80000,0x00000000ffffc2d0,0x0000000100000000)
  to   space 28160K, 0% used [0x00000000fc900000,0x00000000fc900000,0x00000000fe480000)
 ParOldGen       total 89600K, used 89435K [0x00000000d0000000, 0x00000000d5780000, 0x00000000f0000000)
  object space 89600K, 99% used [0x00000000d0000000,0x00000000d5756fc8,0x00000000d5780000)
 Metaspace       used 59886K, capacity 61562K, committed 61796K, reserved 1103872K
  class space    used 6915K, capacity 7431K, committed 7552K, reserved 1048576K
Event: 44.577 GC heap after
Heap after GC invocations=51 (full 7):
 PSYoungGen      total 222720K, used 12226K [0x00000000f0000000, 0x0000000100000000, 0x0000000100000000)
  eden space 205824K, 0% used [0x00000000f0000000,0x00000000f0000000,0x00000000fc900000)
  from space 16896K, 72% used [0x00000000fef80000,0x00000000ffb70ae8,0x0000000100000000)
  to   space 28160K, 0% used [0x00000000fc900000,0x00000000fc900000,0x00000000fe480000)
 ParOldGen       total 110592K, used 89436K [0x00000000d0000000, 0x00000000d6c00000, 0x00000000f0000000)
  object space 110592K, 80% used [0x00000000d0000000,0x00000000d57571b8,0x00000000d6c00000)
 Metaspace       used 59886K, capacity 61562K, committed 61796K, reserved 1103872K
  class space    used 6915K, capacity 7431K, committed 7552K, reserved 1048576K
}

Deoptimization events (10 events):
Event: 31.798 Thread 0x0000000056e90800 Uncommon trap: reason=array_check action=maybe_recompile pc=0x0000000003843688 method=java.util.AbstractCollection.toArray([Ljava/lang/Object;)[Ljava/lang/Object; @ 119
Event: 31.813 Thread 0x0000000056e90800 Uncommon trap: reason=array_check action=maybe_recompile pc=0x0000000003843688 method=java.util.AbstractCollection.toArray([Ljava/lang/Object;)[Ljava/lang/Object; @ 119
Event: 31.814 Thread 0x0000000056e90800 Uncommon trap: reason=array_check action=maybe_recompile pc=0x0000000003843688 method=java.util.AbstractCollection.toArray([Ljava/lang/Object;)[Ljava/lang/Object; @ 119
Event: 31.858 Thread 0x0000000056e90800 Uncommon trap: reason=unreached action=reinterpret pc=0x0000000003739b54 method=org.codehaus.groovy.runtime.metaclass.MetaMethodIndex.isNonRealMethod(Lgroovy/lang/MetaMethod;)Z @ 4
Event: 32.111 Thread 0x0000000056e90800 Uncommon trap: reason=bimorphic action=maybe_recompile pc=0x00000000037958cc method=groovy.lang.MetaClassImpl$1MOPIter.methodNameAction(Ljava/lang/Class;Lorg/codehaus/groovy/runtime/metaclass/MetaMethodIndex$Entry;)V @ 62
Event: 32.111 Thread 0x0000000056e90800 Uncommon trap: reason=bimorphic action=maybe_recompile pc=0x00000000037958cc method=groovy.lang.MetaClassImpl$1MOPIter.methodNameAction(Ljava/lang/Class;Lorg/codehaus/groovy/runtime/metaclass/MetaMethodIndex$Entry;)V @ 62
Event: 32.111 Thread 0x0000000056e90800 Uncommon trap: reason=bimorphic action=maybe_recompile pc=0x00000000037958cc method=groovy.lang.MetaClassImpl$1MOPIter.methodNameAction(Ljava/lang/Class;Lorg/codehaus/groovy/runtime/metaclass/MetaMethodIndex$Entry;)V @ 62
Event: 32.111 Thread 0x0000000056e90800 Uncommon trap: reason=bimorphic action=maybe_recompile pc=0x00000000037958cc method=groovy.lang.MetaClassImpl$1MOPIter.methodNameAction(Ljava/lang/Class;Lorg/codehaus/groovy/runtime/metaclass/MetaMethodIndex$Entry;)V @ 62
Event: 37.232 Thread 0x0000000056e90800 Uncommon trap: reason=unloaded action=reinterpret pc=0x0000000002c0a57c method=org.springframework.core.BridgeMethodResolver.findBridgedMethod(Ljava/lang/reflect/Method;)Ljava/lang/reflect/Method; @ 13
Event: 40.419 Thread 0x0000000056e90800 Uncommon trap: reason=class_check action=maybe_recompile pc=0x000000000384adc0 method=sl.org.objectweb.asm.ClassReader.a(Lsl/org/objectweb/asm/MethodVisitor;Lsl/org/objectweb/asm/Context;I)V @ 1945

Internal exceptions (10 events):
Event: 45.372 Thread 0x0000000056e90800 Exception <a 'java/security/PrivilegedActionException'> (0x00000000f2d2fb58) thrown at [C:\re\workspace\8-2-build-windows-amd64-cygwin\jdk8u11\648\hotspot\src\share\vm\prims\jvm.cpp, line 1248]
Event: 45.372 Thread 0x0000000056e90800 Exception <a 'java/security/PrivilegedActionException'> (0x00000000f2d30a50) thrown at [C:\re\workspace\8-2-build-windows-amd64-cygwin\jdk8u11\648\hotspot\src\share\vm\prims\jvm.cpp, line 1248]
Event: 45.372 Thread 0x0000000056e90800 Exception <a 'java/security/PrivilegedActionException'> (0x00000000f2d34ab8) thrown at [C:\re\workspace\8-2-build-windows-amd64-cygwin\jdk8u11\648\hotspot\src\share\vm\prims\jvm.cpp, line 1248]
Event: 45.373 Thread 0x0000000056e90800 Exception <a 'java/security/PrivilegedActionException'> (0x00000000f2d44588) thrown at [C:\re\workspace\8-2-build-windows-amd64-cygwin\jdk8u11\648\hotspot\src\share\vm\prims\jvm.cpp, line 1248]
Event: 45.374 Thread 0x0000000056e90800 Exception <a 'java/security/PrivilegedActionException'> (0x00000000f2d66940) thrown at [C:\re\workspace\8-2-build-windows-amd64-cygwin\jdk8u11\648\hotspot\src\share\vm\prims\jvm.cpp, line 1248]
Event: 45.374 Thread 0x0000000056e90800 Exception <a 'java/lang/ClassNotFoundException': org/codehaus/groovy/control/CompilerConfigurationCustomizer> (0x00000000f2d67868) thrown at [C:\re\workspace\8-2-build-windows-amd64-cygwin\jdk8u11\648\hotspot\src\share\vm\classfile\systemDictionary.cpp, li›*„:!∞F@
Event: 45.376 Thread 0x0000000056e90800 Exception <a 'java/security/PrivilegedActionException'> (0x00000000f2db5c78) thrown at [C:\re\workspace\8-2-build-windows-amd64-cygwin\jdk8u11\648\hotspot\src\share\vm\prims\jvm.cpp, line 1248]
Event: 45.378 Thread 0x0000000056e90800 Exception <a 'java/security/PrivilegedActionException'> (0x00000000f2ddef00) thrown at [C:\re\workspace\8-2-build-windows-amd64-cygwin\jdk8u11\648\hotspot\src\share\vm\prims\jvm.cpp, line 1248]
Event: 45.378 Thread 0x0000000056e90800 Exception <a 'java/security/PrivilegedActionException'> (0x00000000f2de3c70) thrown at [C:\re\workspace\8-2-build-windows-amd64-cygwin\jdk8u11\648\hotspot\src\share\vm\prims\jvm.cpp, line 1248]
Event: 45.379 Thread 0x0000000056e90800 Exception <a 'java/security/PrivilegedActionException'> (0x00000000f2df4ae0) thrown at [C:\re\workspace\8-2-build-windows-amd64-cygwin\jdk8u11\648\hotspot\src\share\vm\prims\jvm.cpp, line 1248]

Events (10 events):
Event: 45.372 loading class org/codehaus/groovy/control/CompilerConfigurationCustomizer
Event: 45.372 loading class org/codehaus/groovy/control/CompilerConfigurationCustomizer done
Event: 45.374 loading class org/codehaus/groovy/control/CompilerConfigurationCustomizer
Event: 45.374 loading class org/codehaus/groovy/control/CompilerConfigurationCustomizer done
Event: 45.376 loading class org/codehaus/groovy/control/customizers/ASTTransformationCustomizer
Event: 45.376 loading class org/codehaus/groovy/control/customizers/ASTTransformationCustomizer done
Event: 45.378 loading class org/codehaus/groovy/grails/compiler/injection/NamedArtefactTypeAstTransformation
Event: 45.378 loading class org/codehaus/groovy/grails/compiler/injection/NamedArtefactTypeAstTransformation done
Event: 45.379 loading class org/codehaus/groovy/grails/compiler/injection/AbstractArtefactTypeAstTransformation
Event: 45.379 loading class org/codehaus/groovy/grails/compiler/injection/AbstractArtefactTypeAstTransformation done


Dynamic libraries:
0x000000013fdd0000 - 0x000000013fe04000 	C:\Program Files\Java\jdk1.8.0_11\bin\java.exe
0x0000000077960000 - 0x0000000077b09000 	C:\Windows\SYSTEM32\ntdll.dll
0x0000000077840000 - 0x000000007795f000 	C:\Windows\system32\kernel32.dll
0x000007fefda40000 - 0x000007fefdaac000 	C:\Windows\system32\KERNELBASE.dll
0x000007feffa70000 - 0x000007feffb4b000 	C:\Windows\system32\ADVAPI32.dll
0x000007feffb50000 - 0x000007feffbef000 	C:\Windows\system32\msvcrt.dll
0x000007fefe6f0000 - 0x000007fefe70f000 	C:\Windows\SYSTEM32\sechost.dll
0x000007fefe810000 - 0x000007fefe93d000 	C:\Windows\system32\RPCRT4.dll
0x0000000077740000 - 0x000000007783a000 	C:\Windows\system32\USER32.dll
0x000007fefe160000 - 0x000007fefe1c7000 	C:\Windows\system32\GDI32.dll
0x000007feff7b0000 - 0x000007feff7be000 	C:\Windows\system32\LPK.dll
0x000007fefe740000 - 0x000007fefe809000 	C:\Windows\system32\USP10.dll
0x000007fefc170000 - 0x000007fefc364000 	C:\Windows\WinSxS\amd64_microsoft.windows.common-controls_6595b64144ccf1df_6.0.7601.17514_none_fa396087175ac9ac\COMCTL32.dll
0x000007fefe940000 - 0x000007fefe9b1000 	C:\Windows\system32\SHLWAPI.dll
0x000007feffc40000 - 0x000007feffc6e000 	C:\Windows\system32\IMM32.DLL
0x000007fefe330000 - 0x000007fefe439000 	C:\Windows\system32\MSCTF.dll
0x000000006da10000 - 0x000000006dae2000 	C:\Program Files\Java\jdk1.8.0_11\jre\bin\msvcr100.dll
0x00000000675d0000 - 0x0000000067dfa000 	C:\Program Files\Java\jdk1.8.0_11\jre\bin\server\jvm.dll
0x000007fefa670000 - 0x000007fefa679000 	C:\Windows\system32\WSOCK32.dll
0x000007feffbf0000 - 0x000007feffc3d000 	C:\Windows\system32\WS2_32.dll
0x000007fefe730000 - 0x000007fefe738000 	C:\Windows\system32\NSI.dll
0x000007fefb280000 - 0x000007fefb2bb000 	C:\Windows\system32\WINMM.dll
0x0000000077b20000 - 0x0000000077b27000 	C:\Windows\system32\PSAPI.DLL
0x0000000073920000 - 0x000000007392f000 	C:\Program Files\Java\jdk1.8.0_11\jre\bin\verify.dll
0x0000000073700000 - 0x0000000073728000 	C:\Program Files\Java\jdk1.8.0_11\jre\bin\java.dll
0x00000000736d0000 - 0x00000000736f3000 	C:\Program Files\Java\jdk1.8.0_11\jre\bin\instrument.dll
0x0000000073760000 - 0x0000000073776000 	C:\Program Files\Java\jdk1.8.0_11\jre\bin\zip.dll
0x000007fefea20000 - 0x000007feff7a8000 	C:\Windows\system32\SHELL32.dll
0x000007fefe440000 - 0x000007fefe643000 	C:\Windows\system32\ole32.dll
0x000007fefd770000 - 0x000007fefd77f000 	C:\Windows\system32\profapi.dll
0x000007fefd160000 - 0x000007fefd177000 	C:\Windows\system32\CRYPTSP.dll
0x000007fefcc60000 - 0x000007fefcca7000 	C:\Windows\system32\rsaenh.dll
0x000007fefdb00000 - 0x000007fefdb1e000 	C:\Windows\system32\USERENV.dll
0x000007fefd5d0000 - 0x000007fefd5df000 	C:\Windows\system32\CRYPTBASE.dll
0x0000000073690000 - 0x00000000736aa000 	C:\Program Files\Java\jdk1.8.0_11\jre\bin\net.dll
0x000007fefcf10000 - 0x000007fefcf65000 	C:\Windows\system32\mswsock.dll
0x000007fefcf00000 - 0x000007fefcf07000 	C:\Windows\System32\wship6.dll
0x000007fefa5d0000 - 0x000007fefa5f7000 	C:\Windows\system32\IPHLPAPI.DLL
0x000007fefa5c0000 - 0x000007fefa5cb000 	C:\Windows\system32\WINNSI.DLL
0x000007fefa440000 - 0x000007fefa451000 	C:\Windows\system32\dhcpcsvc6.DLL
0x000007fefa3c0000 - 0x000007fefa3d8000 	C:\Windows\system32\dhcpcsvc.DLL
0x00000000736b0000 - 0x00000000736c1000 	C:\Program Files\Java\jdk1.8.0_11\jre\bin\nio.dll
0x000007fefa890000 - 0x000007fefa89a000 	C:\Users\Boss\AppData\Local\Temp\jansi-64-569713359489310098.dll
0x0000000070540000 - 0x000000007054d000 	C:\Program Files\Java\jdk1.8.0_11\jre\bin\management.dll
0x000007fefcb80000 - 0x000007fefcb87000 	C:\Windows\System32\wshtcpip.dll
0x000007fefcd90000 - 0x000007fefcdeb000 	C:\Windows\system32\DNSAPI.dll
0x000007fef8c00000 - 0x000007fef8c08000 	C:\Windows\system32\rasadhlp.dll
0x000007fefa470000 - 0x000007fefa4c3000 	C:\Windows\System32\fwpuclnt.dll
0x000007fefb160000 - 0x000007fefb175000 	C:\Windows\system32\NLAapi.dll
0x000007fef8bd0000 - 0x000007fef8be5000 	C:\Windows\system32\napinsp.dll
0x000007fef8bb0000 - 0x000007fef8bc9000 	C:\Windows\system32\pnrpnsp.dll
0x000007fef8ba0000 - 0x000007fef8bab000 	C:\Windows\System32\winrnr.dll
0x000007fefae20000 - 0x000007fefaf45000 	C:\Windows\system32\dbghelp.dll

VM Arguments:
jvm_args: -Dfile.encoding=UTF-8 -Xmx768M -Xms64M -Dgrails.fork.parent.process.port=53481 -Dgrails.fork.active=true -Dgrails.build.execution.context=C:\Users\Boss\AppData\Local\Temp\racetrack29180578758240028664grails-execution-context -Dgrails.home=C:\Users\Boss\grails-2.4.3 -javaagent:C:\Users\Boss\grails-2.4.3\lib\org.springframework\springloaded\jars\springloaded-1.2.0.RELEASE.jar -Xverify:none -Dspringloaded.synchronize=true -Djdk.reflect.allowGetCallerClass=true -Dspringloaded=profile=grails;cacheDir=C:\Users\Boss\.grails\2.4.3 
java_command: org.grails.plugins.tomcat.fork.ForkedTomcatServer
java_class_path (initial): C:\Users\Boss\grails-2.4.3\lib\org.codehaus.groovy\groovy-all\jars\groovy-all-2.3.6.jar;C:\Users\Boss\grails-2.4.3\lib\org.slf4j\jcl-over-slf4j\jars\jcl-over-slf4j-1.7.5.jar;C:\Users\Boss\grails-2.4.3\lib\org.codehaus.gant\gant_groovy1.8\jars\gant_groovy1.8-1.9.6.jar;C:\Users\Boss\grails-2.4.3\lib\org.apache.tomcat.embed\tomcat-embed-logging-log4j\jars\tomcat-embed-logging-log4j-7.0.50.jar;C:\Users\Boss\grails-2.4.3\dist\grails-plugin-log4j-2.4.3.jar;C:\Users\Boss\grails-2.4.3\lib\log4j\log4j\jars\log4j-1.2.17.jar;C:\Users\Boss\grails-2.4.3\dist\grails-bootstrap-2.4.3.jar;C:\Users\Boss\grails-2.4.3\lib\org.slf4j\slf4j-api\jars\slf4j-api-1.7.5.jar;C:\Users\Boss\grails-2.4.3\lib\jline\jline\jars\jline-2.12.jar;C:\Users\Boss\grails-2.4.3\lib\org.apache.ant\ant\jars\ant-1.8.4.jar;C:\Users\Boss\grails-2.4.3\lib\org.apache.ant\ant-launcher\jars\ant-launcher-1.8.4.jar;C:\Users\Boss\grails-2.4.3\lib\org.apache.ant\ant-trax\jars\ant-trax-1.7.1.jar;C:\Users\Boss\grails-2.4.3\lib\org.apache.ant\ant-junit\jars\ant-junit-1.8.4.jar;C:\Users\Boss\grails-2.4.3\lib\org.apache.ivy\ivy\jars\ivy-2.3.0.jar;C:\Users\Boss\grails-2.4.3\lib\org.fusesource.jansi\jansi\jars\jansi-1.11.jar;C:\Users\Boss\.m2\repository\org\apache\tomcat\tomcat-catalina-ant\7.0.55\tomcat-catalina-ant-7.0.55.jar;C:\Users\Boss\.m2\repository\org\apache\tomcat\embed\tomcat-embed-jasper\7.0.55\tomcat-embed-jasper-7.0.55.jar;C:\Users\Boss\.m2\repository\org\apache\tomcat\embed\tomcat-embed-el\7.0.55\tomcat-embed-el-7.0.55.jar;C:\Users\Boss\.m2\repository\org\apache\tomcat\embed\tomcat-embed-logging-log4j\7.0.55\tomcat-embed-logging-log4j-7.0.55.jar;C:\Users\Boss\.m2\repository\org\apache\tomcat\embed\tomcat-embed-websocket\7.0.55\tomcat-embed-websocket-7.0.55.jar;C:\Users\Boss\.m2\repository\org\apache\tomcat\embed\tomcat-embed-core\7.0.55\tomcat-embed-core-7.0.55.jar;C:\Users\Boss\.m2\repository\org\eclipse\jdt\core\compiler\ecj\3.7.2\ecj-3.7.2.jar;C:\Users\Boss\workspaceKepler2\racetrac
Launcher Type: SUN_STANDARD

Environment Variables:
JAVA_HOME=C:\Program Files\Java\jre7
PATH=C:\Windows\system32;C:\Windows;C:\Windows\System32\Wbem;C:\Windows\System32\WindowsPowerShell\v1.0\;C:\Program Files\Java\jre7bin;C:\Program Files (x86)\MySQL\MySQL Utilities 1.3.6\
USERNAME=Boss
OS=Windows_NT
PROCESSOR_IDENTIFIER=Intel64 Family 6 Model 47 Stepping 2, GenuineIntel



---------------  S Y S T E M  ---------------

OS: Windows 7 , 64 bit Build 7601 Service Pack 1

CPU:total 2 (64 cores per cpu, 1 threads per core) family 6 model 47 stepping 2, cmov, cx8, fxsr, mmx, sse, sse2, sse3, ssse3, sse4.1, sse4.2, popcnt, tsc

Memory: 4k page, physical 3145272k(132872k free), swap 6288680k(2329700k free)

vm_info: Java HotSpot(TM) 64-Bit Server VM (25.11-b03) for windows-amd64 JRE (1.8.0_11-b12), built on Jun 16 2014 20:57:32 by "java_re" with MS VC++ 10.0 (VS2010)

time: Fri Sep 05 20:11:35 2014
elapsed time: 45 seconds

