#
# A fatal error has been detected by the Java Runtime Environment:
#
#  EXCEPTION_ACCESS_VIOLATION (0xc0000005) at pc=0x000000006c764db2, pid=2356, tid=3152
#
# JRE version: Java(TM) SE Runtime Environment (8.0_11-b12) (build 1.8.0_11-b12)
# Java VM: Java HotSpot(TM) 64-Bit Server VM (25.11-b03 mixed mode windows-amd64 compressed oops)
# Problematic frame:
# V  [jvm.dll+0x424db2]
#
# Failed to write core dump. Minidumps are not enabled by default on client versions of Windows
#
# If you would like to submit a bug report, please visit:
#   http://bugreport.sun.com/bugreport/crash.jsp
#

---------------  T H R E A D  ---------------

Current thread (0x0000000054287000):  JavaThread "C2 CompilerThread0" daemon [_thread_in_native, id=3152, stack(0x00000000558f0000,0x00000000559f0000)]

siginfo: ExceptionCode=0xc0000005, reading address 0x0000000000000000

Registers:
RAX=0x0000000056f3c878, RBX=0x0000000000000600, RCX=0x0000000000000000, RDX=0x000000005bd7e870
RSP=0x00000000559ec6e0, RBP=0x00000000000000c0, RSI=0x00000000000000b8, RDI=0x0000000000000000
R8 =0x000000006c340000, R9 =0x00000000559eca00, R10=0x00000000ffffffff, R11=0x00000000553ef900
R12=0x0000000056f3cf80, R13=0x00000000589aa8b8, R14=0x0000000000000008, R15=0x00000000589aa8b8
RIP=0x000000006c764db2, EFLAGS=0x0000000000010206

Top of Stack: (sp=0x00000000559ec6e0)
0x00000000559ec6e0:   00000000000000da 000000005bd7a1e0
0x00000000559ec6f0:   0000000056f38ed0 000000005bd7a1e0
0x00000000559ec700:   0000000000000001 0000000000000600
0x00000000559ec710:   0000000000000180 00000000000000c0
0x00000000559ec720:   000000005b9404d0 000000005428a530
0x00000000559ec730:   00000000000006b0 000000005bd7a1e0
0x00000000559ec740:   00000000559eca00 0000000056f399f0
0x00000000559ec750:   0000000000000020 0000000000000009
0x00000000559ec760:   0000000056f3cf50 00000000000000da
0x00000000559ec770:   00000000589aa8b8 000000006c76598d
0x00000000559ec780:   0000000056f3cf50 000000000000001c
0x00000000559ec790:   00000000000000da 00000000559eca00
0x00000000559ec7a0:   000000005bd7e870 00000000000000da
0x00000000559ec7b0:   0000000056f399f0 0000000000000020
0x00000000559ec7c0:   0000000058a36c38 00000000559eed70
0x00000000559ec7d0:   0000000058a37268 0000000056f3cf50 

Instructions: (pc=0x000000006c764db2)
0x000000006c764d92:   c6 48 63 f0 48 03 f1 eb 04 48 83 ce ff 48 8b 84
0x000000006c764da2:   24 a0 00 00 00 48 8b 40 08 48 8b 3c 03 48 8b cf
0x000000006c764db2:   48 8b 07 ff 50 28 4c 8d 05 41 b2 bd ff 48 63 50
0x000000006c764dc2:   10 4c 8b d8 48 8b ca 48 c1 e1 05 42 80 bc 01 c0 


Register to memory mapping:

RAX=0x0000000056f3c878 is an unknown value
RBX=0x0000000000000600 is an unknown value
RCX=0x0000000000000000 is an unknown value
RDX=0x000000005bd7e870 is an unknown value
RSP=0x00000000559ec6e0 is pointing into the stack for thread: 0x0000000054287000
RBP=0x00000000000000c0 is an unknown value
RSI=0x00000000000000b8 is an unknown value
RDI=0x0000000000000000 is an unknown value
R8 =0x000000006c340000 is an unknown value
R9 =0x00000000559eca00 is pointing into the stack for thread: 0x0000000054287000
R10=0x00000000ffffffff is an unknown value
R11=0x00000000553ef900 is an unknown value
R12=0x0000000056f3cf80 is an unknown value
R13=0x00000000589aa8b8 is an unknown value
R14=0x0000000000000008 is an unknown value
R15=0x00000000589aa8b8 is an unknown value


Stack: [0x00000000558f0000,0x00000000559f0000],  sp=0x00000000559ec6e0,  free space=1009k
Native frames: (J=compiled Java code, j=interpreted, Vv=VM code, C=native code)
V  [jvm.dll+0x424db2]
V  [jvm.dll+0x42598d]
V  [jvm.dll+0x425ecf]
V  [jvm.dll+0x4c5a84]
V  [jvm.dll+0x4415bc]
V  [jvm.dll+0x443a29]
V  [jvm.dll+0x427722]
V  [jvm.dll+0x96982]
V  [jvm.dll+0x97173]
V  [jvm.dll+0x2234b4]
V  [jvm.dll+0x27bcca]
C  [msvcr100.dll+0x21d9f]
C  [msvcr100.dll+0x21e3b]
C  [kernel32.dll+0x159ed]
C  [ntdll.dll+0x2c541]


Current CompileTask:
C2:  37332 5567       4       groovy.lang.MetaClassImpl::findPropertyMethod (356 bytes)


---------------  P R O C E S S  ---------------

Java Threads: ( => current thread )
  0x00000000554da000 JavaThread "net.sf.ehcache.CacheManager@3443e88f" daemon [_thread_blocked, id=3708, stack(0x000000005c900000,0x000000005ca00000)]
  0x00000000570c3800 JavaThread "Abandoned connection cleanup thread" daemon [_thread_blocked, id=2360, stack(0x000000005af90000,0x000000005b090000)]
  0x0000000056ddf000 JavaThread "PoolCleaner[147022238:1410111588926]" daemon [_thread_blocked, id=3928, stack(0x000000005ada0000,0x000000005aea0000)]
  0x0000000056189800 JavaThread "FileSystemWatcher: files=#123 cl=groovy.lang.GroovyClassLoader@8c3619e" daemon [_thread_blocked, id=3344, stack(0x0000000059ba0000,0x0000000059ca0000)]
  0x0000000058286800 JavaThread "localhost-startStop-1" daemon [_thread_in_Java, id=3144, stack(0x00000000599e0000,0x0000000059ae0000)]
  0x0000000058274800 JavaThread "Tomcat-startStop-1" daemon [_thread_blocked, id=4036, stack(0x00000000598c0000,0x00000000599c0000)]
  0x000000005745f800 JavaThread "Thread-3" [_thread_in_native, id=4060, stack(0x00000000595b0000,0x00000000596b0000)]
  0x0000000057b0a000 JavaThread "Thread-2" [_thread_blocked, id=3180, stack(0x0000000057d30000,0x0000000057e30000)]
  0x0000000056210000 JavaThread "NonBlockingInputStreamThread" daemon [_thread_blocked, id=4084, stack(0x0000000055a50000,0x0000000055b50000)]
  0x00000000554b5800 JavaThread "Service Thread" daemon [_thread_blocked, id=1960, stack(0x0000000055bc0000,0x0000000055cc0000)]
  0x000000005428e000 JavaThread "C1 CompilerThread1" daemon [_thread_blocked, id=1544, stack(0x0000000055770000,0x0000000055870000)]
=>0x0000000054287000 JavaThread "C2 CompilerThread0" daemon [_thread_in_native, id=3152, stack(0x00000000558f0000,0x00000000559f0000)]
  0x0000000054229800 JavaThread "Attach Listener" daemon [_thread_blocked, id=2588, stack(0x0000000055240000,0x0000000055340000)]
  0x0000000054228000 JavaThread "Signal Dispatcher" daemon [_thread_blocked, id=2008, stack(0x0000000055070000,0x0000000055170000)]
  0x00000000541c7800 JavaThread "Finalizer" daemon [_thread_blocked, id=3172, stack(0x0000000054c90000,0x0000000054d90000)]
  0x00000000541c0000 JavaThread "Reference Handler" daemon [_thread_blocked, id=2352, stack(0x0000000054f60000,0x0000000055060000)]
  0x0000000001d50000 JavaThread "main" [_thread_blocked, id=2560, stack(0x00000000021a0000,0x00000000022a0000)]

Other Threads:
  0x00000000541bb800 VMThread [stack: 0x0000000054e00000,0x0000000054f00000] [id=3572]
  0x00000000554b6800 WatcherThread [stack: 0x0000000055cc0000,0x0000000055dc0000] [id=2320]

VM state:not at safepoint (normal execution)

VM Mutex/Monitor currently owned by a thread: None

Heap:
 PSYoungGen      total 232960K, used 70080K [0x00000000f0000000, 0x0000000100000000, 0x0000000100000000)
  eden space 219136K, 31% used [0x00000000f0000000,0x00000000f427bd80,0x00000000fd600000)
  from space 13824K, 14% used [0x00000000ff280000,0x00000000ff4745e0,0x0000000100000000)
  to   space 21504K, 0% used [0x00000000fd600000,0x00000000fd600000,0x00000000feb00000)
 ParOldGen       total 110080K, used 91631K [0x00000000d0000000, 0x00000000d6b80000, 0x00000000f0000000)
  object space 110080K, 83% used [0x00000000d0000000,0x00000000d597bc88,0x00000000d6b80000)
 Metaspace       used 57596K, capacity 59274K, committed 59552K, reserved 1101824K
  class space    used 6469K, capacity 6979K, committed 7072K, reserved 1048576K

Card table byte_map: [0x0000000002570000,0x0000000002700000] byte_map_base: 0x0000000001ef0000

Marking Bits: (ParMarkBitMap*) 0x000000006caf12b0
 Begin Bits: [0x0000000011f10000, 0x0000000012b10000)
 End Bits:   [0x0000000012b10000, 0x0000000013710000)

Polling page: 0x0000000000330000

CodeCache: size=245760Kb used=17228Kb max_used=17425Kb free=228531Kb
 bounds [0x0000000002770000, 0x00000000038d0000, 0x0000000011770000]
 total_blobs=5871 nmethods=5110 adapters=672
 compilation: enabled

Compilation events (10 events):
Event: 36.964 Thread 0x0000000054287000 nmethod 5583 0x000000000336ef90 code [0x000000000336f0e0, 0x000000000336f218]
Event: 36.964 Thread 0x0000000054287000 5567       4       groovy.lang.MetaClassImpl::findPropertyMethod (356 bytes)
Event: 36.967 Thread 0x000000005428e000 5600 %     3       org.codehaus.groovy.runtime.MetaClassHelper::sameClasses @ 14 (48 bytes)
Event: 36.967 Thread 0x000000005428e000 nmethod 5600% 0x000000000306bd10 code [0x000000000306bec0, 0x000000000306c530]
Event: 36.967 Thread 0x000000005428e000 5601       3       org.codehaus.groovy.runtime.MetaClassHelper::sameClasses (48 bytes)
Event: 36.968 Thread 0x000000005428e000 nmethod 5601 0x0000000002f07750 code [0x0000000002f078e0, 0x0000000002f07ef0]
Event: 36.974 Thread 0x000000005428e000 5602       2       org.codehaus.groovy.grails.commons.AbstractGrailsClass::getMetaClass (8 bytes)
Event: 36.974 Thread 0x000000005428e000 nmethod 5602 0x0000000003323190 code [0x0000000003323300, 0x0000000003323468]
Event: 37.054 Thread 0x000000005428e000 5606       2       groovy.lang.MetaClassImpl::hasProperty (6 bytes)
Event: 37.055 Thread 0x000000005428e000 nmethod 5606 0x000000000340a6d0 code [0x000000000340a840, 0x000000000340a9c8]

GC Heap History (10 events):
Event: 29.180 GC heap before
{Heap before GC invocations=49 (full 5):
 PSYoungGen      total 251392K, used 245697K [0x00000000f0000000, 0x0000000100000000, 0x0000000100000000)
  eden space 241664K, 97% used [0x00000000f0000000,0x00000000fe699810,0x00000000fec00000)
  from space 9728K, 98% used [0x00000000fec00000,0x00000000ff556e90,0x00000000ff580000)
  to   space 10752K, 0% used [0x00000000ff580000,0x00000000ff580000,0x0000000100000000)
 ParOldGen       total 76288K, used 61528K [0x00000000d0000000, 0x00000000d4a80000, 0x00000000f0000000)
  object space 76288K, 80% used [0x00000000d0000000,0x00000000d3c16040,0x00000000d4a80000)
 Metaspace       used 53253K, capacity 54734K, committed 55200K, reserved 1097728K
  class space    used 5958K, capacity 6442K, committed 6560K, reserved 1048576K
Event: 29.222 GC heap after
Heap after GC invocations=49 (full 5):
 PSYoungGen      total 245248K, used 10736K [0x00000000f0000000, 0x0000000100000000, 0x0000000100000000)
  eden space 234496K, 0% used [0x00000000f0000000,0x00000000f0000000,0x00000000fe500000)
  from space 10752K, 99% used [0x00000000ff580000,0x00000000ffffc0f0,0x0000000100000000)
  to   space 13824K, 0% used [0x00000000fe500000,0x00000000fe500000,0x00000000ff280000)
 ParOldGen       total 76288K, used 64075K [0x00000000d0000000, 0x00000000d4a80000, 0x00000000f0000000)
  object space 76288K, 83% used [0x00000000d0000000,0x00000000d3e92df8,0x00000000d4a80000)
 Metaspace       used 53253K, capacity 54734K, committed 55200K, reserved 1097728K
  class space    used 5958K, capacity 6442K, committed 6560K, reserved 1048576K
}
Event: 31.050 GC heap before
{Heap before GC invocations=50 (full 5):
 PSYoungGen      total 245248K, used 245232K [0x00000000f0000000, 0x0000000100000000, 0x0000000100000000)
  eden space 234496K, 100% used [0x00000000f0000000,0x00000000fe500000,0x00000000fe500000)
  from space 10752K, 99% used [0x00000000ff580000,0x00000000ffffc0f0,0x0000000100000000)
  to   space 13824K, 0% used [0x00000000fe500000,0x00000000fe500000,0x00000000ff280000)
 ParOldGen       total 76288K, used 64075K [0x00000000d0000000, 0x00000000d4a80000, 0x00000000f0000000)
  object space 76288K, 83% used [0x00000000d0000000,0x00000000d3e92df8,0x00000000d4a80000)
 Metaspace       used 54441K, capacity 56054K, committed 56352K, reserved 1099776K
  class space    used 6109K, capacity 6592K, committed 6688K, reserved 1048576K
Event: 31.153 GC heap after
Heap after GC invocations=50 (full 5):
 PSYoungGen      total 248320K, used 13792K [0x00000000f0000000, 0x0000000100000000, 0x0000000100000000)
  eden space 234496K, 0% used [0x00000000f0000000,0x00000000f0000000,0x00000000fe500000)
  from space 13824K, 99% used [0x00000000fe500000,0x00000000ff278040,0x00000000ff280000)
  to   space 13824K, 0% used [0x00000000ff280000,0x00000000ff280000,0x0000000100000000)
 ParOldGen       total 76288K, used 70074K [0x00000000d0000000, 0x00000000d4a80000, 0x00000000f0000000)
  object space 76288K, 91% used [0x00000000d0000000,0x00000000d446eae8,0x00000000d4a80000)
 Metaspace       used 54441K, capacity 56054K, committed 56352K, reserved 1099776K
  class space    used 6109K, capacity 6592K, committed 6688K, reserved 1048576K
}
Event: 31.153 GC heap before
{Heap before GC invocations=51 (full 6):
 PSYoungGen      total 248320K, used 13792K [0x00000000f0000000, 0x0000000100000000, 0x0000000100000000)
  eden space 234496K, 0% used [0x00000000f0000000,0x00000000f0000000,0x00000000fe500000)
  from space 13824K, 99% used [0x00000000fe500000,0x00000000ff278040,0x00000000ff280000)
  to   space 13824K, 0% used [0x00000000ff280000,0x00000000ff280000,0x0000000100000000)
 ParOldGen       total 76288K, used 70074K [0x00000000d0000000, 0x00000000d4a80000, 0x00000000f0000000)
  object space 76288K, 91% used [0x00000000d0000000,0x00000000d446eae8,0x00000000d4a80000)
 Metaspace       used 54441K, capacity 56054K, committed 56352K, reserved 1099776K
  class space    used 6109K, capacity 6592K, committed 6688K, reserved 1048576K
Event: 32.875 GC heap after
Heap after GC invocations=51 (full 6):
 PSYoungGen      total 248320K, used 5072K [0x00000000f0000000, 0x0000000100000000, 0x0000000100000000)
  eden space 234496K, 0% used [0x00000000f0000000,0x00000000f0000000,0x00000000fe500000)
  from space 13824K, 36% used [0x00000000fe500000,0x00000000fe9f41f0,0x00000000ff280000)
  to   space 13824K, 0% used [0x00000000ff280000,0x00000000ff280000,0x0000000100000000)
 ParOldGen       total 91648K, used 75791K [0x00000000d0000000, 0x00000000d5980000, 0x00000000f0000000)
  object space 91648K, 82% used [0x00000000d0000000,0x00000000d4a03df0,0x00000000d5980000)
 Metaspace       used 54441K, capacity 56054K, committed 56352K, reserved 1099776K
  class space    used 6109K, capacity 6592K, committed 6688K, reserved 1048576K
}
Event: 35.274 GC heap before
{Heap before GC invocations=52 (full 6):
 PSYoungGen      total 248320K, used 230044K [0x00000000f0000000, 0x0000000100000000, 0x0000000100000000)
  eden space 234496K, 95% used [0x00000000f0000000,0x00000000fdbb2f68,0x00000000fe500000)
  from space 13824K, 36% used [0x00000000fe500000,0x00000000fe9f41f0,0x00000000ff280000)
  to   space 13824K, 0% used [0x00000000ff280000,0x00000000ff280000,0x0000000100000000)
 ParOldGen       total 91648K, used 75791K [0x00000000d0000000, 0x00000000d5980000, 0x00000000f0000000)
  object space 91648K, 82% used [0x00000000d0000000,0x00000000d4a03df0,0x00000000d5980000)
 Metaspace       used 57272K, capacity 58844K, committed 59168K, reserved 1101824K
  class space    used 6406K, capacity 6881K, committed 6944K, reserved 1048576K
Event: 35.547 GC heap after
Heap after GC invocations=52 (full 6):
 PSYoungGen      total 232960K, used 13808K [0x00000000f0000000, 0x0000000100000000, 0x0000000100000000)
  eden space 219136K, 0% used [0x00000000f0000000,0x00000000f0000000,0x00000000fd600000)
  from space 13824K, 99% used [0x00000000ff280000,0x00000000ffffc1f0,0x0000000100000000)
  to   space 21504K, 0% used [0x00000000fd600000,0x00000000fd600000,0x00000000feb00000)
 ParOldGen       total 91648K, used 81826K [0x00000000d0000000, 0x00000000d5980000, 0x00000000f0000000)
  object space 91648K, 89% used [0x00000000d0000000,0x00000000d4fe8b88,0x00000000d5980000)
 Metaspace       used 57272K, capacity 58844K, committed 59168K, reserved 1101824K
  class space    used 6406K, capacity 6881K, committed 6944K, reserved 1048576K
}
Event: 35.547 GC heap before
{Heap before GC invocations=53 (full 7):
 PSYoungGen      total 232960K, used 13808K [0x00000000f0000000, 0x0000000100000000, 0x0000000100000000)
  eden space 219136K, 0% used [0x00000000f0000000,0x00000000f0000000,0x00000000fd600000)
  from space 13824K, 99% used [0x00000000ff280000,0x00000000ffffc1f0,0x0000000100000000)
  to   space 21504K, 0% used [0x00000000fd600000,0x00000000fd600000,0x00000000feb00000)
 ParOldGen       total 91648K, used 81826K [0x00000000d0000000, 0x00000000d5980000, 0x00000000f0000000)
  object space 91648K, 89% used [0x00000000d0000000,0x00000000d4fe8b88,0x00000000d5980000)
 Metaspace       used 57272K, capacity 58844K, committed 59168K, reserved 1101824K
  class space    used 6406K, capacity 6881K, committed 6944K, reserved 1048576K
Event: 36.493 GC heap after
Heap after GC invocations=53 (full 7):
 PSYoungGen      total 232960K, used 2001K [0x00000000f0000000, 0x0000000100000000, 0x0000000100000000)
  eden space 219136K, 0% used [0x00000000f0000000,0x00000000f0000000,0x00000000fd600000)
  from space 13824K, 14% used [0x00000000ff280000,0x00000000ff4745e0,0x0000000100000000)
  to   space 21504K, 0% used [0x00000000fd600000,0x00000000fd600000,0x00000000feb00000)
 ParOldGen       total 110080K, used 91631K [0x00000000d0000000, 0x00000000d6b80000, 0x00000000f0000000)
  object space 110080K, 83% used [0x00000000d0000000,0x00000000d597bc88,0x00000000d6b80000)
 Metaspace       used 57272K, capacity 58844K, committed 59168K, reserved 1101824K
  class space    used 6406K, capacity 6881K, committed 6944K, reserved 1048576K
}

Deoptimization events (10 events):
Event: 29.457 Thread 0x0000000058286800 Uncommon trap: reason=unreached action=reinterpret pc=0x00000000036d0690 method=org.codehaus.groovy.runtime.metaclass.MetaMethodIndex.isNonRealMethod(Lgroovy/lang/MetaMethod;)Z @ 4
Event: 29.458 Thread 0x0000000058286800 Uncommon trap: reason=unreached action=reinterpret pc=0x00000000036ccd1c method=org.codehaus.groovy.runtime.metaclass.MetaMethodIndex.isNonRealMethod(Lgroovy/lang/MetaMethod;)Z @ 4
Event: 29.603 Thread 0x0000000058286800 Uncommon trap: reason=bimorphic action=maybe_recompile pc=0x0000000003763888 method=groovy.lang.MetaClassImpl$1MOPIter.methodNameAction(Ljava/lang/Class;Lorg/codehaus/groovy/runtime/metaclass/MetaMethodIndex$Entry;)V @ 62
Event: 29.603 Thread 0x0000000058286800 Uncommon trap: reason=bimorphic action=maybe_recompile pc=0x0000000003763888 method=groovy.lang.MetaClassImpl$1MOPIter.methodNameAction(Ljava/lang/Class;Lorg/codehaus/groovy/runtime/metaclass/MetaMethodIndex$Entry;)V @ 62
Event: 29.603 Thread 0x0000000058286800 Uncommon trap: reason=bimorphic action=maybe_recompile pc=0x0000000003763888 method=groovy.lang.MetaClassImpl$1MOPIter.methodNameAction(Ljava/lang/Class;Lorg/codehaus/groovy/runtime/metaclass/MetaMethodIndex$Entry;)V @ 62
Event: 29.603 Thread 0x0000000058286800 Uncommon trap: reason=bimorphic action=maybe_recompile pc=0x0000000003763888 method=groovy.lang.MetaClassImpl$1MOPIter.methodNameAction(Ljava/lang/Class;Lorg/codehaus/groovy/runtime/metaclass/MetaMethodIndex$Entry;)V @ 62
Event: 34.640 Thread 0x0000000058286800 Uncommon trap: reason=array_check action=maybe_recompile pc=0x00000000028d08c8 method=java.util.AbstractCollection.toArray([Ljava/lang/Object;)[Ljava/lang/Object; @ 119
Event: 34.640 Thread 0x0000000058286800 Uncommon trap: reason=array_check action=maybe_recompile pc=0x00000000028d08c8 method=java.util.AbstractCollection.toArray([Ljava/lang/Object;)[Ljava/lang/Object; @ 119
Event: 34.642 Thread 0x0000000058286800 Uncommon trap: reason=array_check action=maybe_recompile pc=0x00000000028d08c8 method=java.util.AbstractCollection.toArray([Ljava/lang/Object;)[Ljava/lang/Object; @ 119
Event: 34.667 Thread 0x0000000058286800 Uncommon trap: reason=array_check action=maybe_recompile pc=0x00000000028d08c8 method=java.util.AbstractCollection.toArray([Ljava/lang/Object;)[Ljava/lang/Object; @ 119

Internal exceptions (10 events):
Event: 36.903 Thread 0x0000000058286800 Exception <a 'java/security/PrivilegedActionException'> (0x00000000f37c8b48) thrown at [C:\re\workspace\8-2-build-windows-amd64-cygwin\jdk8u11\648\hotspot\src\share\vm\prims\jvm.cpp, line 1248]
Event: 36.903 Thread 0x0000000058286800 Exception <a 'java/lang/ClassNotFoundException': org/codehaus/groovy/grails/web/util/TagLibraryMetaUtils$_registerPropertyMissingForTag_closure6BeanInfo> (0x00000000f37c9ac8) thrown at [C:\re\workspace\8-2-build-windows-amd64-cygwin\jdk8u11\648\hotspot\srcE0iÁèsB@
Event: 36.903 Thread 0x0000000058286800 Exception <a 'java/security/PrivilegedActionException'> (0x00000000f37cb0d0) thrown at [C:\re\workspace\8-2-build-windows-amd64-cygwin\jdk8u11\648\hotspot\src\share\vm\prims\jvm.cpp, line 1248]
Event: 36.903 Thread 0x0000000058286800 Exception <a 'java/security/PrivilegedActionException'> (0x00000000f37d0d50) thrown at [C:\re\workspace\8-2-build-windows-amd64-cygwin\jdk8u11\648\hotspot\src\share\vm\prims\jvm.cpp, line 1248]
Event: 36.904 Thread 0x0000000058286800 Exception <a 'java/security/PrivilegedActionException'> (0x00000000f37e79b8) thrown at [C:\re\workspace\8-2-build-windows-amd64-cygwin\jdk8u11\648\hotspot\src\share\vm\prims\jvm.cpp, line 1248]
Event: 36.904 Thread 0x0000000058286800 Exception <a 'java/security/PrivilegedActionException'> (0x00000000f3804310) thrown at [C:\re\workspace\8-2-build-windows-amd64-cygwin\jdk8u11\648\hotspot\src\share\vm\prims\jvm.cpp, line 1248]
Event: 36.904 Thread 0x0000000058286800 Exception <a 'java/security/PrivilegedActionException'> (0x00000000f3809f90) thrown at [C:\re\workspace\8-2-build-windows-amd64-cygwin\jdk8u11\648\hotspot\src\share\vm\prims\jvm.cpp, line 1248]
Event: 36.905 Thread 0x0000000058286800 Exception <a 'java/security/PrivilegedActionException'> (0x00000000f3820bf8) thrown at [C:\re\workspace\8-2-build-windows-amd64-cygwin\jdk8u11\648\hotspot\src\share\vm\prims\jvm.cpp, line 1248]
Event: 36.906 Thread 0x0000000058286800 Exception <a 'java/security/PrivilegedActionException'> (0x00000000f3852f60) thrown at [C:\re\workspace\8-2-build-windows-amd64-cygwin\jdk8u11\648\hotspot\src\share\vm\prims\jvm.cpp, line 1248]
Event: 36.906 Thread 0x0000000058286800 Exception <a 'java/lang/ClassNotFoundException': org/codehaus/groovy/grails/web/util/TagLibraryMetaUtils$_registerPropertyMissingForTag_closure6Customizer> (0x00000000f3853ee8) thrown at [C:\re\workspace\8-2-build-windows-amd64-cygwin\jdk8u11\648\hotspot\s®ÛÚÖsB@

Events (10 events):
Event: 36.903 loading class org/codehaus/groovy/grails/web/util/TagLibraryMetaUtils$_registerPropertyMissingForTag_closure6Customizer
Event: 36.903 loading class org/codehaus/groovy/grails/web/util/TagLibraryMetaUtils$_registerPropertyMissingForTag_closure6Customizer done
Event: 36.904 loading class org/codehaus/groovy/grails/web/util/TagLibraryMetaUtils$_registerPropertyMissingForTag_closure6Customizer
Event: 36.904 loading class org/codehaus/groovy/grails/web/util/TagLibraryMetaUtils$_registerPropertyMissingForTag_closure6Customizer done
Event: 36.906 loading class org/codehaus/groovy/grails/web/util/TagLibraryMetaUtils$_registerPropertyMissingForTag_closure6Customizer
Event: 36.906 loading class org/codehaus/groovy/grails/web/util/TagLibraryMetaUtils$_registerPropertyMissingForTag_closure6Customizer done
Event: 36.950 Thread 0x0000000058286800 DEOPT PACKING pc=0x0000000003423d6d sp=0x0000000059adbbd0
Event: 36.950 Thread 0x0000000058286800 DEOPT UNPACKING pc=0x00000000027b7204 sp=0x0000000059adb900 mode 0
Event: 36.968 Thread 0x0000000058286800 DEOPT PACKING pc=0x00000000033dbc41 sp=0x0000000059adbb20
Event: 36.968 Thread 0x0000000058286800 DEOPT UNPACKING pc=0x00000000027b7204 sp=0x0000000059adb830 mode 0


Dynamic libraries:
0x000000013fc70000 - 0x000000013fca4000 	C:\Program Files\Java\jdk1.8.0_11\bin\java.exe
0x0000000077960000 - 0x0000000077b09000 	C:\Windows\SYSTEM32\ntdll.dll
0x0000000077840000 - 0x000000007795f000 	C:\Windows\system32\kernel32.dll
0x000007fefda40000 - 0x000007fefdaac000 	C:\Windows\system32\KERNELBASE.dll
0x000007feffa70000 - 0x000007feffb4b000 	C:\Windows\system32\ADVAPI32.dll
0x000007feffb50000 - 0x000007feffbef000 	C:\Windows\system32\msvcrt.dll
0x000007fefe6f0000 - 0x000007fefe70f000 	C:\Windows\SYSTEM32\sechost.dll
0x000007fefe810000 - 0x000007fefe93d000 	C:\Windows\system32\RPCRT4.dll
0x0000000077740000 - 0x000000007783a000 	C:\Windows\system32\USER32.dll
0x000007fefe160000 - 0x000007fefe1c7000 	C:\Windows\system32\GDI32.dll
0x000007feff7b0000 - 0x000007feff7be000 	C:\Windows\system32\LPK.dll
0x000007fefe740000 - 0x000007fefe809000 	C:\Windows\system32\USP10.dll
0x000007fefc170000 - 0x000007fefc364000 	C:\Windows\WinSxS\amd64_microsoft.windows.common-controls_6595b64144ccf1df_6.0.7601.17514_none_fa396087175ac9ac\COMCTL32.dll
0x000007fefe940000 - 0x000007fefe9b1000 	C:\Windows\system32\SHLWAPI.dll
0x000007feffc40000 - 0x000007feffc6e000 	C:\Windows\system32\IMM32.DLL
0x000007fefe330000 - 0x000007fefe439000 	C:\Windows\system32\MSCTF.dll
0x000000006ea10000 - 0x000000006eae2000 	C:\Program Files\Java\jdk1.8.0_11\jre\bin\msvcr100.dll
0x000000006c340000 - 0x000000006cb6a000 	C:\Program Files\Java\jdk1.8.0_11\jre\bin\server\jvm.dll
0x000007fef66b0000 - 0x000007fef66b9000 	C:\Windows\system32\WSOCK32.dll
0x000007feffbf0000 - 0x000007feffc3d000 	C:\Windows\system32\WS2_32.dll
0x000007fefe730000 - 0x000007fefe738000 	C:\Windows\system32\NSI.dll
0x000007fefb280000 - 0x000007fefb2bb000 	C:\Windows\system32\WINMM.dll
0x0000000077b20000 - 0x0000000077b27000 	C:\Windows\system32\PSAPI.DLL
0x0000000073760000 - 0x000000007376f000 	C:\Program Files\Java\jdk1.8.0_11\jre\bin\verify.dll
0x0000000073730000 - 0x0000000073758000 	C:\Program Files\Java\jdk1.8.0_11\jre\bin\java.dll
0x000000006ede0000 - 0x000000006ee03000 	C:\Program Files\Java\jdk1.8.0_11\jre\bin\instrument.dll
0x000000006eeb0000 - 0x000000006eec6000 	C:\Program Files\Java\jdk1.8.0_11\jre\bin\zip.dll
0x000007fefea20000 - 0x000007feff7a8000 	C:\Windows\system32\SHELL32.dll
0x000007fefe440000 - 0x000007fefe643000 	C:\Windows\system32\ole32.dll
0x000007fefd770000 - 0x000007fefd77f000 	C:\Windows\system32\profapi.dll
0x000007fefd160000 - 0x000007fefd177000 	C:\Windows\system32\CRYPTSP.dll
0x000007fefcc60000 - 0x000007fefcca7000 	C:\Windows\system32\rsaenh.dll
0x000007fefdb00000 - 0x000007fefdb1e000 	C:\Windows\system32\USERENV.dll
0x000007fefd5d0000 - 0x000007fefd5df000 	C:\Windows\system32\CRYPTBASE.dll
0x00000000733e0000 - 0x00000000733fa000 	C:\Program Files\Java\jdk1.8.0_11\jre\bin\net.dll
0x000007fefcf10000 - 0x000007fefcf65000 	C:\Windows\system32\mswsock.dll
0x000007fefcf00000 - 0x000007fefcf07000 	C:\Windows\System32\wship6.dll
0x000007fefa5d0000 - 0x000007fefa5f7000 	C:\Windows\system32\IPHLPAPI.DLL
0x000007fefa5c0000 - 0x000007fefa5cb000 	C:\Windows\system32\WINNSI.DLL
0x000007fefa440000 - 0x000007fefa451000 	C:\Windows\system32\dhcpcsvc6.DLL
0x000007fefa3c0000 - 0x000007fefa3d8000 	C:\Windows\system32\dhcpcsvc.DLL
0x000000006ee70000 - 0x000000006ee81000 	C:\Program Files\Java\jdk1.8.0_11\jre\bin\nio.dll
0x000007fef8640000 - 0x000007fef864a000 	C:\Users\Boss\AppData\Local\Temp\jansi-64-5790328609595231744.dll
0x000000006eea0000 - 0x000000006eead000 	C:\Program Files\Java\jdk1.8.0_11\jre\bin\management.dll
0x000007fefcb80000 - 0x000007fefcb87000 	C:\Windows\System32\wshtcpip.dll
0x000007fefcd90000 - 0x000007fefcdeb000 	C:\Windows\system32\DNSAPI.dll
0x000007fef8c00000 - 0x000007fef8c08000 	C:\Windows\system32\rasadhlp.dll
0x000007fefa470000 - 0x000007fefa4c3000 	C:\Windows\System32\fwpuclnt.dll
0x000007fefb160000 - 0x000007fefb175000 	C:\Windows\system32\NLAapi.dll
0x000007fef8bd0000 - 0x000007fef8be5000 	C:\Windows\system32\napinsp.dll
0x000007fef8bb0000 - 0x000007fef8bc9000 	C:\Windows\system32\pnrpnsp.dll
0x000007fef8ba0000 - 0x000007fef8bab000 	C:\Windows\System32\winrnr.dll
0x000007fefae20000 - 0x000007fefaf45000 	C:\Windows\system32\dbghelp.dll

VM Arguments:
jvm_args: -Dfile.encoding=UTF-8 -Xmx768M -Xms64M -Dgrails.fork.parent.process.port=55621 -Dgrails.fork.active=true -Dgrails.build.execution.context=C:\Users\Boss\AppData\Local\Temp\racetrack25837971428934385538grails-execution-context -Dgrails.home=C:\Users\Boss\grails-2.4.3 -javaagent:C:\Users\Boss\grails-2.4.3\lib\org.springframework\springloaded\jars\springloaded-1.2.0.RELEASE.jar -Xverify:none -Dspringloaded.synchronize=true -Djdk.reflect.allowGetCallerClass=true -Dspringloaded=profile=grails;cacheDir=C:\Users\Boss\.grails\2.4.3 
java_command: org.grails.plugins.tomcat.fork.ForkedTomcatServer
java_class_path (initial): C:\Users\Boss\grails-2.4.3\lib\org.codehaus.groovy\groovy-all\jars\groovy-all-2.3.6.jar;C:\Users\Boss\grails-2.4.3\lib\org.slf4j\jcl-over-slf4j\jars\jcl-over-slf4j-1.7.5.jar;C:\Users\Boss\grails-2.4.3\lib\org.codehaus.gant\gant_groovy1.8\jars\gant_groovy1.8-1.9.6.jar;C:\Users\Boss\grails-2.4.3\lib\org.apache.tomcat.embed\tomcat-embed-logging-log4j\jars\tomcat-embed-logging-log4j-7.0.50.jar;C:\Users\Boss\grails-2.4.3\dist\grails-plugin-log4j-2.4.3.jar;C:\Users\Boss\grails-2.4.3\lib\log4j\log4j\jars\log4j-1.2.17.jar;C:\Users\Boss\grails-2.4.3\dist\grails-bootstrap-2.4.3.jar;C:\Users\Boss\grails-2.4.3\lib\org.slf4j\slf4j-api\jars\slf4j-api-1.7.5.jar;C:\Users\Boss\grails-2.4.3\lib\jline\jline\jars\jline-2.12.jar;C:\Users\Boss\grails-2.4.3\lib\org.apache.ant\ant\jars\ant-1.8.4.jar;C:\Users\Boss\grails-2.4.3\lib\org.apache.ant\ant-launcher\jars\ant-launcher-1.8.4.jar;C:\Users\Boss\grails-2.4.3\lib\org.apache.ant\ant-trax\jars\ant-trax-1.7.1.jar;C:\Users\Boss\grails-2.4.3\lib\org.apache.ant\ant-junit\jars\ant-junit-1.8.4.jar;C:\Users\Boss\grails-2.4.3\lib\org.apache.ivy\ivy\jars\ivy-2.3.0.jar;C:\Users\Boss\grails-2.4.3\lib\org.fusesource.jansi\jansi\jars\jansi-1.11.jar;C:\Users\Boss\.m2\repository\org\apache\tomcat\tomcat-catalina-ant\7.0.55\tomcat-catalina-ant-7.0.55.jar;C:\Users\Boss\.m2\repository\org\apache\tomcat\embed\tomcat-embed-jasper\7.0.55\tomcat-embed-jasper-7.0.55.jar;C:\Users\Boss\.m2\repository\org\apache\tomcat\embed\tomcat-embed-el\7.0.55\tomcat-embed-el-7.0.55.jar;C:\Users\Boss\.m2\repository\org\apache\tomcat\embed\tomcat-embed-logging-log4j\7.0.55\tomcat-embed-logging-log4j-7.0.55.jar;C:\Users\Boss\.m2\repository\org\apache\tomcat\embed\tomcat-embed-websocket\7.0.55\tomcat-embed-websocket-7.0.55.jar;C:\Users\Boss\.m2\repository\org\apache\tomcat\embed\tomcat-embed-core\7.0.55\tomcat-embed-core-7.0.55.jar;C:\Users\Boss\.m2\repository\org\eclipse\jdt\core\compiler\ecj\3.7.2\ecj-3.7.2.jar;C:\Boss\git\racetrack2\racetrack2\targe
Launcher Type: SUN_STANDARD

Environment Variables:
JAVA_HOME=C:\Program Files\Java\jre7
PATH=C:\Windows\system32;C:\Windows;C:\Windows\System32\Wbem;C:\Windows\System32\WindowsPowerShell\v1.0\;C:\Program Files\Java\jre7bin;C:\Program Files (x86)\MySQL\MySQL Utilities 1.3.6\
USERNAME=Boss
OS=Windows_NT
PROCESSOR_IDENTIFIER=Intel64 Family 6 Model 47 Stepping 2, GenuineIntel



---------------  S Y S T E M  ---------------

OS: Windows 7 , 64 bit Build 7601 Service Pack 1

CPU:total 2 (64 cores per cpu, 1 threads per core) family 6 model 47 stepping 2, cmov, cx8, fxsr, mmx, sse, sse2, sse3, ssse3, sse4.1, sse4.2, popcnt, tsc

Memory: 4k page, physical 3145272k(384484k free), swap 6288680k(2412604k free)

vm_info: Java HotSpot(TM) 64-Bit Server VM (25.11-b03) for windows-amd64 JRE (1.8.0_11-b12), built on Jun 16 2014 20:57:32 by "java_re" with MS VC++ 10.0 (VS2010)

time: Sun Sep 07 19:40:03 2014
elapsed time: 37 seconds

